
---------------------------------------

Reading document : Start.
Reading document : End.

---------------------------------------

Verifying document : Start.
Verifying document : End.

---------------------------------------

Machine initialization : Start.
Machine initialization : End.

---------------------------------------


Generating NC code file : Start.

Information: ** activity Manufacturing Program.1 : INIT. ** 

Information: ** activity Tool Change.1 : INIT. ** 
Information: ** Machining and total time  : 0s , 0s . ** 
Information: ** activity Tool Change.1 : END . ** 

Information: ** activity SETUP IMFORMATION : INIT. ** 
Information: ** activity SETUP IMFORMATION : END . ** 

Information: ** activity INITIAL+HOME : INIT. ** 
Information: ** activity INITIAL+HOME : END . ** 

Information: ** activity SURFACE : INIT. ** 
Information: ** activity SURFACE : END . ** 

Information: ** activity STOP : INIT. ** 
Information: ** activity STOP : END . ** 

Information: ** activity SATUTEST : INIT. ** 
Information: ** activity SATUTEST : END . ** 

Information: ** activity RECIPE1321 : INIT. ** 
Information: ** activity RECIPE1321 : END . ** 

Information: ** activity LARGE END UP : INIT. ** 
Information: ** Machining and total time  : 4mn 7s , 4mn 7s . ** 
Information: ** activity LARGE END UP : END . ** 

Information: ** activity STOP : INIT. ** 
Information: ** activity STOP : END . ** 

Information: ** activity RECIPE1322 : INIT. ** 
Information: ** activity RECIPE1322 : END . ** 

Information: ** activity SMALL END UP : INIT. ** 
Information: ** Machining and total time  : 4mn 8s , 4mn 8s . ** 
Information: ** activity SMALL END UP : END . ** 

Information: ** activity SPINDLE/STOP : INIT. ** 
Information: ** activity SPINDLE/STOP : END . ** 

Information: ** activity M02 : INIT. ** 
Information: ** activity M02 : END . ** 

Information: ** activity PART NAME : INIT. ** 
Information: ** activity PART NAME : END . ** 
Information: ** activity Manufacturing Program.1 : END . ** 
Generating NC code file : End.

---------------------------------------


---------------------------------------

End of Batch.

---------------------------------------

